<?xml version="1.0" encoding="UTF-8"?>
<!-- Generated by org.testng.reporters.JUnitReportReporter -->
<testsuite hostname="DESKTOP-PP2LQR6" failures="0" tests="3" name="seleniumPKG.window_10_Chrome_Selenium" time="142.235" errors="0" timestamp="2025-01-12T16:06:46 IST" skipped="0">
  <testcase classname="seleniumPKG.window_10_Chrome_Selenium" name="testSimpleFormDemo" time="65.312"/>
  <system-out/>
  <testcase classname="seleniumPKG.window_10_Chrome_Selenium" name="testDragAndDropSlider" time="38.672"/>
  <system-out/>
  <testcase classname="seleniumPKG.window_10_Chrome_Selenium" name="testInputFormSubmit" time="38.251"/>
  <system-out/>
</testsuite> <!-- seleniumPKG.window_10_Chrome_Selenium -->
